13-Oct-2019 15:03:16.357 정보 [main] org.apache.catalina.startup.VersionLoggerListener.log 서버 버전 이름:        Apache Tomcat/8.5.46
13-Oct-2019 15:03:16.362 정보 [main] org.apache.catalina.startup.VersionLoggerListener.log Server 빌드 시각:          Sep 16 2019 18:16:19 UTC
13-Oct-2019 15:03:16.362 정보 [main] org.apache.catalina.startup.VersionLoggerListener.log Server 버전 번호:         8.5.46.0
13-Oct-2019 15:03:16.362 정보 [main] org.apache.catalina.startup.VersionLoggerListener.log 운영체제 이름:               Windows 10
13-Oct-2019 15:03:16.362 정보 [main] org.apache.catalina.startup.VersionLoggerListener.log 운영체제 버전:            10.0
13-Oct-2019 15:03:16.362 정보 [main] org.apache.catalina.startup.VersionLoggerListener.log 아키텍처:          amd64
13-Oct-2019 15:03:16.363 정보 [main] org.apache.catalina.startup.VersionLoggerListener.log 자바 홈:             C:\Program Files\Java\jdk1.8.0_221\jre
13-Oct-2019 15:03:16.363 정보 [main] org.apache.catalina.startup.VersionLoggerListener.log JVM 버전:           1.8.0_221-b11
13-Oct-2019 15:03:16.363 정보 [main] org.apache.catalina.startup.VersionLoggerListener.log JVM 벤더:            Oracle Corporation
13-Oct-2019 15:03:16.363 정보 [main] org.apache.catalina.startup.VersionLoggerListener.log CATALINA_BASE:         C:\JSP\apache-tomcat-8.5.46
13-Oct-2019 15:03:16.363 정보 [main] org.apache.catalina.startup.VersionLoggerListener.log CATALINA_HOME:         C:\JSP\apache-tomcat-8.5.46
13-Oct-2019 15:03:16.364 정보 [main] org.apache.catalina.startup.VersionLoggerListener.log 명령 행 아규먼트: -Djava.util.logging.config.file=C:\JSP\apache-tomcat-8.5.46\conf\logging.properties
13-Oct-2019 15:03:16.365 정보 [main] org.apache.catalina.startup.VersionLoggerListener.log 명령 행 아규먼트: -Djava.util.logging.manager=org.apache.juli.ClassLoaderLogManager
13-Oct-2019 15:03:16.365 정보 [main] org.apache.catalina.startup.VersionLoggerListener.log 명령 행 아규먼트: -Djdk.tls.ephemeralDHKeySize=2048
13-Oct-2019 15:03:16.365 정보 [main] org.apache.catalina.startup.VersionLoggerListener.log 명령 행 아규먼트: -Djava.protocol.handler.pkgs=org.apache.catalina.webresources
13-Oct-2019 15:03:16.366 정보 [main] org.apache.catalina.startup.VersionLoggerListener.log 명령 행 아규먼트: -Dignore.endorsed.dirs=
13-Oct-2019 15:03:16.366 정보 [main] org.apache.catalina.startup.VersionLoggerListener.log 명령 행 아규먼트: -Dcatalina.base=C:\JSP\apache-tomcat-8.5.46
13-Oct-2019 15:03:16.366 정보 [main] org.apache.catalina.startup.VersionLoggerListener.log 명령 행 아규먼트: -Dcatalina.home=C:\JSP\apache-tomcat-8.5.46
13-Oct-2019 15:03:16.367 정보 [main] org.apache.catalina.startup.VersionLoggerListener.log 명령 행 아규먼트: -Djava.io.tmpdir=C:\JSP\apache-tomcat-8.5.46\temp
13-Oct-2019 15:03:16.367 정보 [main] org.apache.catalina.core.AprLifecycleListener.lifecycleEvent APR 버전 [1.7.0]을(를) 사용한, APR 기반 Apache Tomcat Native 라이브러리 [1.2.23]을(를) 로드했습니다.
13-Oct-2019 15:03:16.369 정보 [main] org.apache.catalina.core.AprLifecycleListener.lifecycleEvent APR 용량정보들: IPv6 [true], sendfile [true], accept filters [false], random [true].
13-Oct-2019 15:03:16.370 정보 [main] org.apache.catalina.core.AprLifecycleListener.lifecycleEvent APR/OpenSSL 설정: useAprConnector [false], useOpenSSL [true]
13-Oct-2019 15:03:16.374 정보 [main] org.apache.catalina.core.AprLifecycleListener.initializeSSL OpenSSL이 성공적으로 초기화되었습니다: [OpenSSL 1.1.1c  28 May 2019]
13-Oct-2019 15:03:16.455 정보 [main] org.apache.coyote.AbstractProtocol.init 프로토콜 핸들러 ["http-nio-8080"]을(를) 초기화합니다.
13-Oct-2019 15:03:16.520 정보 [main] org.apache.tomcat.util.net.NioSelectorPool.getSharedSelector Using a shared selector for servlet write/read
13-Oct-2019 15:03:16.528 정보 [main] org.apache.coyote.AbstractProtocol.init 프로토콜 핸들러 ["ajp-nio-8009"]을(를) 초기화합니다.
13-Oct-2019 15:03:16.530 정보 [main] org.apache.tomcat.util.net.NioSelectorPool.getSharedSelector Using a shared selector for servlet write/read
13-Oct-2019 15:03:16.531 정보 [main] org.apache.catalina.startup.Catalina.load Initialization processed in 404 ms
13-Oct-2019 15:03:16.547 정보 [main] org.apache.catalina.core.StandardService.startInternal 서비스 [Catalina]을(를) 시작합니다.
13-Oct-2019 15:03:16.549 정보 [main] org.apache.catalina.core.StandardEngine.startInternal Starting Servlet Engine: Apache Tomcat/8.5.46
13-Oct-2019 15:03:16.555 정보 [localhost-startStop-1] org.apache.catalina.startup.HostConfig.deployDirectory 웹 애플리케이션 디렉토리 [C:\JSP\apache-tomcat-8.5.46\webapps\docs]을(를) 배치합니다.
13-Oct-2019 15:03:16.703 정보 [localhost-startStop-1] org.apache.catalina.startup.HostConfig.deployDirectory 웹 애플리케이션 디렉토리 [C:\JSP\apache-tomcat-8.5.46\webapps\docs]에 대한 배치가 [147] 밀리초에 완료되었습니다.
13-Oct-2019 15:03:16.709 정보 [localhost-startStop-1] org.apache.catalina.startup.HostConfig.deployDirectory 웹 애플리케이션 디렉토리 [C:\JSP\apache-tomcat-8.5.46\webapps\examples]을(를) 배치합니다.
13-Oct-2019 15:03:16.901 정보 [localhost-startStop-1] org.apache.catalina.startup.HostConfig.deployDirectory 웹 애플리케이션 디렉토리 [C:\JSP\apache-tomcat-8.5.46\webapps\examples]에 대한 배치가 [192] 밀리초에 완료되었습니다.
13-Oct-2019 15:03:16.902 정보 [localhost-startStop-1] org.apache.catalina.startup.HostConfig.deployDirectory 웹 애플리케이션 디렉토리 [C:\JSP\apache-tomcat-8.5.46\webapps\host-manager]을(를) 배치합니다.
13-Oct-2019 15:03:16.922 정보 [localhost-startStop-1] org.apache.catalina.startup.HostConfig.deployDirectory 웹 애플리케이션 디렉토리 [C:\JSP\apache-tomcat-8.5.46\webapps\host-manager]에 대한 배치가 [20] 밀리초에 완료되었습니다.
13-Oct-2019 15:03:16.924 정보 [localhost-startStop-1] org.apache.catalina.startup.HostConfig.deployDirectory 웹 애플리케이션 디렉토리 [C:\JSP\apache-tomcat-8.5.46\webapps\manager]을(를) 배치합니다.
13-Oct-2019 15:03:16.941 정보 [localhost-startStop-1] org.apache.catalina.startup.HostConfig.deployDirectory 웹 애플리케이션 디렉토리 [C:\JSP\apache-tomcat-8.5.46\webapps\manager]에 대한 배치가 [17] 밀리초에 완료되었습니다.
13-Oct-2019 15:03:16.943 정보 [localhost-startStop-1] org.apache.catalina.startup.HostConfig.deployDirectory 웹 애플리케이션 디렉토리 [C:\JSP\apache-tomcat-8.5.46\webapps\ROOT]을(를) 배치합니다.
13-Oct-2019 15:03:16.956 정보 [localhost-startStop-1] org.apache.catalina.startup.HostConfig.deployDirectory 웹 애플리케이션 디렉토리 [C:\JSP\apache-tomcat-8.5.46\webapps\ROOT]에 대한 배치가 [13] 밀리초에 완료되었습니다.
13-Oct-2019 15:03:16.958 정보 [main] org.apache.coyote.AbstractProtocol.start 프로토콜 핸들러 ["http-nio-8080"]을(를) 시작합니다.
13-Oct-2019 15:03:16.966 정보 [main] org.apache.coyote.AbstractProtocol.start 프로토콜 핸들러 ["ajp-nio-8009"]을(를) 시작합니다.
13-Oct-2019 15:03:16.968 정보 [main] org.apache.catalina.startup.Catalina.start Server startup in 436 ms
13-Oct-2019 15:03:49.297 정보 [main] org.apache.catalina.startup.VersionLoggerListener.log 서버 버전 이름:        Apache Tomcat/8.5.46
13-Oct-2019 15:03:49.300 정보 [main] org.apache.catalina.startup.VersionLoggerListener.log Server 빌드 시각:          Sep 16 2019 18:16:19 UTC
13-Oct-2019 15:03:49.301 정보 [main] org.apache.catalina.startup.VersionLoggerListener.log Server 버전 번호:         8.5.46.0
13-Oct-2019 15:03:49.301 정보 [main] org.apache.catalina.startup.VersionLoggerListener.log 운영체제 이름:               Windows 10
13-Oct-2019 15:03:49.301 정보 [main] org.apache.catalina.startup.VersionLoggerListener.log 운영체제 버전:            10.0
13-Oct-2019 15:03:49.301 정보 [main] org.apache.catalina.startup.VersionLoggerListener.log 아키텍처:          amd64
13-Oct-2019 15:03:49.301 정보 [main] org.apache.catalina.startup.VersionLoggerListener.log 자바 홈:             C:\Program Files\Java\jdk1.8.0_221\jre
13-Oct-2019 15:03:49.302 정보 [main] org.apache.catalina.startup.VersionLoggerListener.log JVM 버전:           1.8.0_221-b11
13-Oct-2019 15:03:49.302 정보 [main] org.apache.catalina.startup.VersionLoggerListener.log JVM 벤더:            Oracle Corporation
13-Oct-2019 15:03:49.302 정보 [main] org.apache.catalina.startup.VersionLoggerListener.log CATALINA_BASE:         C:\JSP\apache-tomcat-8.5.46
13-Oct-2019 15:03:49.302 정보 [main] org.apache.catalina.startup.VersionLoggerListener.log CATALINA_HOME:         C:\JSP\apache-tomcat-8.5.46
13-Oct-2019 15:03:49.303 정보 [main] org.apache.catalina.startup.VersionLoggerListener.log 명령 행 아규먼트: -Djava.util.logging.config.file=C:\JSP\apache-tomcat-8.5.46\conf\logging.properties
13-Oct-2019 15:03:49.304 정보 [main] org.apache.catalina.startup.VersionLoggerListener.log 명령 행 아규먼트: -Djava.util.logging.manager=org.apache.juli.ClassLoaderLogManager
13-Oct-2019 15:03:49.304 정보 [main] org.apache.catalina.startup.VersionLoggerListener.log 명령 행 아규먼트: -Djdk.tls.ephemeralDHKeySize=2048
13-Oct-2019 15:03:49.304 정보 [main] org.apache.catalina.startup.VersionLoggerListener.log 명령 행 아규먼트: -Djava.protocol.handler.pkgs=org.apache.catalina.webresources
13-Oct-2019 15:03:49.305 정보 [main] org.apache.catalina.startup.VersionLoggerListener.log 명령 행 아규먼트: -Dignore.endorsed.dirs=
13-Oct-2019 15:03:49.305 정보 [main] org.apache.catalina.startup.VersionLoggerListener.log 명령 행 아규먼트: -Dcatalina.base=C:\JSP\apache-tomcat-8.5.46
13-Oct-2019 15:03:49.305 정보 [main] org.apache.catalina.startup.VersionLoggerListener.log 명령 행 아규먼트: -Dcatalina.home=C:\JSP\apache-tomcat-8.5.46
13-Oct-2019 15:03:49.306 정보 [main] org.apache.catalina.startup.VersionLoggerListener.log 명령 행 아규먼트: -Djava.io.tmpdir=C:\JSP\apache-tomcat-8.5.46\temp
13-Oct-2019 15:03:49.306 정보 [main] org.apache.catalina.core.AprLifecycleListener.lifecycleEvent APR 버전 [1.7.0]을(를) 사용한, APR 기반 Apache Tomcat Native 라이브러리 [1.2.23]을(를) 로드했습니다.
13-Oct-2019 15:03:49.307 정보 [main] org.apache.catalina.core.AprLifecycleListener.lifecycleEvent APR 용량정보들: IPv6 [true], sendfile [true], accept filters [false], random [true].
13-Oct-2019 15:03:49.308 정보 [main] org.apache.catalina.core.AprLifecycleListener.lifecycleEvent APR/OpenSSL 설정: useAprConnector [false], useOpenSSL [true]
13-Oct-2019 15:03:49.311 정보 [main] org.apache.catalina.core.AprLifecycleListener.initializeSSL OpenSSL이 성공적으로 초기화되었습니다: [OpenSSL 1.1.1c  28 May 2019]
13-Oct-2019 15:03:49.388 정보 [main] org.apache.coyote.AbstractProtocol.init 프로토콜 핸들러 ["http-nio-8080"]을(를) 초기화합니다.
13-Oct-2019 15:03:49.454 정보 [main] org.apache.tomcat.util.net.NioSelectorPool.getSharedSelector Using a shared selector for servlet write/read
13-Oct-2019 15:03:49.462 정보 [main] org.apache.coyote.AbstractProtocol.init 프로토콜 핸들러 ["ajp-nio-8009"]을(를) 초기화합니다.
13-Oct-2019 15:03:49.465 정보 [main] org.apache.tomcat.util.net.NioSelectorPool.getSharedSelector Using a shared selector for servlet write/read
13-Oct-2019 15:03:49.465 정보 [main] org.apache.catalina.startup.Catalina.load Initialization processed in 398 ms
13-Oct-2019 15:03:49.483 정보 [main] org.apache.catalina.core.StandardService.startInternal 서비스 [Catalina]을(를) 시작합니다.
13-Oct-2019 15:03:49.485 정보 [main] org.apache.catalina.core.StandardEngine.startInternal Starting Servlet Engine: Apache Tomcat/8.5.46
13-Oct-2019 15:03:49.491 정보 [localhost-startStop-1] org.apache.catalina.startup.HostConfig.deployDirectory 웹 애플리케이션 디렉토리 [C:\JSP\apache-tomcat-8.5.46\webapps\docs]을(를) 배치합니다.
13-Oct-2019 15:03:49.637 정보 [localhost-startStop-1] org.apache.catalina.startup.HostConfig.deployDirectory 웹 애플리케이션 디렉토리 [C:\JSP\apache-tomcat-8.5.46\webapps\docs]에 대한 배치가 [145] 밀리초에 완료되었습니다.
13-Oct-2019 15:03:49.638 정보 [localhost-startStop-1] org.apache.catalina.startup.HostConfig.deployDirectory 웹 애플리케이션 디렉토리 [C:\JSP\apache-tomcat-8.5.46\webapps\examples]을(를) 배치합니다.
13-Oct-2019 15:03:49.834 정보 [localhost-startStop-1] org.apache.catalina.startup.HostConfig.deployDirectory 웹 애플리케이션 디렉토리 [C:\JSP\apache-tomcat-8.5.46\webapps\examples]에 대한 배치가 [195] 밀리초에 완료되었습니다.
13-Oct-2019 15:03:49.835 정보 [localhost-startStop-1] org.apache.catalina.startup.HostConfig.deployDirectory 웹 애플리케이션 디렉토리 [C:\JSP\apache-tomcat-8.5.46\webapps\host-manager]을(를) 배치합니다.
13-Oct-2019 15:03:49.854 정보 [localhost-startStop-1] org.apache.catalina.startup.HostConfig.deployDirectory 웹 애플리케이션 디렉토리 [C:\JSP\apache-tomcat-8.5.46\webapps\host-manager]에 대한 배치가 [19] 밀리초에 완료되었습니다.
13-Oct-2019 15:03:49.855 정보 [localhost-startStop-1] org.apache.catalina.startup.HostConfig.deployDirectory 웹 애플리케이션 디렉토리 [C:\JSP\apache-tomcat-8.5.46\webapps\manager]을(를) 배치합니다.
13-Oct-2019 15:03:49.872 정보 [localhost-startStop-1] org.apache.catalina.startup.HostConfig.deployDirectory 웹 애플리케이션 디렉토리 [C:\JSP\apache-tomcat-8.5.46\webapps\manager]에 대한 배치가 [17] 밀리초에 완료되었습니다.
13-Oct-2019 15:03:49.875 정보 [localhost-startStop-1] org.apache.catalina.startup.HostConfig.deployDirectory 웹 애플리케이션 디렉토리 [C:\JSP\apache-tomcat-8.5.46\webapps\ROOT]을(를) 배치합니다.
13-Oct-2019 15:03:49.886 정보 [localhost-startStop-1] org.apache.catalina.startup.HostConfig.deployDirectory 웹 애플리케이션 디렉토리 [C:\JSP\apache-tomcat-8.5.46\webapps\ROOT]에 대한 배치가 [11] 밀리초에 완료되었습니다.
13-Oct-2019 15:03:49.889 정보 [main] org.apache.coyote.AbstractProtocol.start 프로토콜 핸들러 ["http-nio-8080"]을(를) 시작합니다.
13-Oct-2019 15:03:49.898 정보 [main] org.apache.coyote.AbstractProtocol.start 프로토콜 핸들러 ["ajp-nio-8009"]을(를) 시작합니다.
13-Oct-2019 15:03:49.901 정보 [main] org.apache.catalina.startup.Catalina.start Server startup in 435 ms
